Thu Dec 11 21:18:05 2025       
+-----------------------------------------------------------------------------------------+
| NVIDIA-SMI 575.51.03              Driver Version: 575.51.03      CUDA Version: 12.9     |
|-----------------------------------------+------------------------+----------------------+
| GPU  Name                 Persistence-M | Bus-Id          Disp.A | Volatile Uncorr. ECC |
| Fan  Temp   Perf          Pwr:Usage/Cap |           Memory-Usage | GPU-Util  Compute M. |
|                                         |                        |               MIG M. |
|=========================================+========================+======================|
|   0  NVIDIA L40S                    On  |   00000000:A1:00.0 Off |                    0 |
| N/A   33C    P8             31W /  350W |       0MiB /  46068MiB |      0%      Default |
|                                         |                        |                  N/A |
+-----------------------------------------+------------------------+----------------------+
                                                                                         
+-----------------------------------------------------------------------------------------+
| Processes:                                                                              |
|  GPU   GI   CI              PID   Type   Process name                        GPU Memory |
|        ID   ID                                                               Usage      |
|=========================================================================================|
|  No running processes found                                                             |
+-----------------------------------------------------------------------------------------+
True
NVIDIA L40S
12.1
Loading model: llada
Loading LLaDA model: GSAI-ML/LLaDA-8B-Instruct
Loading tokenizer...
Loading dataset: gsm8k
Loading GSM8K dataset (test split)...
Preparing prompts...
Tokenizing prompts...
Starting generation (steps=8, gen_length=128, block_length=16)...

================================================================================
TIMING BREAKDOWN
================================================================================
Total generation time: 40.0672s

Detailed breakdown:
  Initialization:      0.0220s ( 0.05%)
  Block setup:         0.0863s ( 0.22%)
  Model inference:    39.3534s (98.22%)
  Sampling:            0.3474s ( 0.87%)
  Token selection:     0.2294s ( 0.57%)
  Other/Overhead:      0.0286s ( 0.07%)
================================================================================

Timing statistics saved to: ./outputs/steps8_block16_batch32/timing_stats.json

Generation complete! Decoding outputs...
GSM8K Exact Match Accuracy: 3.12% (4/128)
