Thu Dec 11 21:18:06 2025       
+-----------------------------------------------------------------------------------------+
| NVIDIA-SMI 575.51.03              Driver Version: 575.51.03      CUDA Version: 12.9     |
|-----------------------------------------+------------------------+----------------------+
| GPU  Name                 Persistence-M | Bus-Id          Disp.A | Volatile Uncorr. ECC |
| Fan  Temp   Perf          Pwr:Usage/Cap |           Memory-Usage | GPU-Util  Compute M. |
|                                         |                        |               MIG M. |
|=========================================+========================+======================|
|   0  NVIDIA L40S                    On  |   00000000:4F:00.0 Off |                    0 |
| N/A   29C    P8             31W /  350W |       0MiB /  46068MiB |      0%      Default |
|                                         |                        |                  N/A |
+-----------------------------------------+------------------------+----------------------+
                                                                                         
+-----------------------------------------------------------------------------------------+
| Processes:                                                                              |
|  GPU   GI   CI              PID   Type   Process name                        GPU Memory |
|        ID   ID                                                               Usage      |
|=========================================================================================|
|  No running processes found                                                             |
+-----------------------------------------------------------------------------------------+
True
NVIDIA L40S
12.1
Loading model: llada
Loading LLaDA model: GSAI-ML/LLaDA-8B-Instruct
Loading tokenizer...
Loading dataset: gsm8k
Loading GSM8K dataset (test split)...
Preparing prompts...
Tokenizing prompts...
Starting generation (steps=8, gen_length=128, block_length=32)...

================================================================================
TIMING BREAKDOWN
================================================================================
Total generation time: 39.7587s

Detailed breakdown:
  Initialization:      0.0239s ( 0.06%)
  Block setup:         0.0541s ( 0.14%)
  Model inference:    39.1062s (98.36%)
  Sampling:            0.3366s ( 0.85%)
  Token selection:     0.2160s ( 0.54%)
  Other/Overhead:      0.0220s ( 0.06%)
================================================================================

Timing statistics saved to: ./outputs/steps8_block32_batch32/timing_stats.json

Generation complete! Decoding outputs...
GSM8K Exact Match Accuracy: 3.12% (4/128)
