Thu Dec 11 21:23:40 2025       
+-----------------------------------------------------------------------------------------+
| NVIDIA-SMI 575.51.03              Driver Version: 575.51.03      CUDA Version: 12.9     |
|-----------------------------------------+------------------------+----------------------+
| GPU  Name                 Persistence-M | Bus-Id          Disp.A | Volatile Uncorr. ECC |
| Fan  Temp   Perf          Pwr:Usage/Cap |           Memory-Usage | GPU-Util  Compute M. |
|                                         |                        |               MIG M. |
|=========================================+========================+======================|
|   0  NVIDIA L40S                    On  |   00000000:61:00.0 Off |                    0 |
| N/A   57C    P8             72W /  350W |       0MiB /  46068MiB |      0%      Default |
|                                         |                        |                  N/A |
+-----------------------------------------+------------------------+----------------------+
                                                                                         
+-----------------------------------------------------------------------------------------+
| Processes:                                                                              |
|  GPU   GI   CI              PID   Type   Process name                        GPU Memory |
|        ID   ID                                                               Usage      |
|=========================================================================================|
|  No running processes found                                                             |
+-----------------------------------------------------------------------------------------+
True
NVIDIA L40S
12.1
Loading model: llada
Loading LLaDA model: GSAI-ML/LLaDA-8B-Instruct
Loading tokenizer...
Loading dataset: gsm8k
Loading GSM8K dataset (test split)...
Preparing prompts...
Tokenizing prompts...
Starting generation (steps=64, gen_length=128, block_length=32)...

================================================================================
TIMING BREAKDOWN
================================================================================
Total generation time: 330.9445s

Detailed breakdown:
  Initialization:      0.0198s ( 0.01%)
  Block setup:         0.0410s ( 0.01%)
  Model inference:   327.1533s (98.85%)
  Sampling:            2.6285s ( 0.79%)
  Token selection:     1.0287s ( 0.31%)
  Other/Overhead:      0.0733s ( 0.02%)
================================================================================

Timing statistics saved to: ./outputs/steps64_block32_batch64/timing_stats.json

Generation complete! Decoding outputs...
GSM8K Exact Match Accuracy: 53.91% (69/128)
