Thu Dec 11 21:21:08 2025       
+-----------------------------------------------------------------------------------------+
| NVIDIA-SMI 575.51.03              Driver Version: 575.51.03      CUDA Version: 12.9     |
|-----------------------------------------+------------------------+----------------------+
| GPU  Name                 Persistence-M | Bus-Id          Disp.A | Volatile Uncorr. ECC |
| Fan  Temp   Perf          Pwr:Usage/Cap |           Memory-Usage | GPU-Util  Compute M. |
|                                         |                        |               MIG M. |
|=========================================+========================+======================|
|   0  NVIDIA L40S                    On  |   00000000:57:00.0 Off |                    0 |
| N/A   32C    P8             33W /  350W |       0MiB /  46068MiB |      0%      Default |
|                                         |                        |                  N/A |
+-----------------------------------------+------------------------+----------------------+
                                                                                         
+-----------------------------------------------------------------------------------------+
| Processes:                                                                              |
|  GPU   GI   CI              PID   Type   Process name                        GPU Memory |
|        ID   ID                                                               Usage      |
|=========================================================================================|
|  No running processes found                                                             |
+-----------------------------------------------------------------------------------------+
True
NVIDIA L40S
12.1
Loading model: llada
Loading LLaDA model: GSAI-ML/LLaDA-8B-Instruct
Loading tokenizer...
Loading dataset: gsm8k
Loading GSM8K dataset (test split)...
Preparing prompts...
Tokenizing prompts...
Starting generation (steps=32, gen_length=128, block_length=32)...

================================================================================
TIMING BREAKDOWN
================================================================================
Total generation time: 160.6514s

Detailed breakdown:
  Initialization:      0.0230s ( 0.01%)
  Block setup:         0.0527s ( 0.03%)
  Model inference:   158.5111s (98.67%)
  Sampling:            1.3139s ( 0.82%)
  Token selection:     0.6968s ( 0.43%)
  Other/Overhead:      0.0539s ( 0.03%)
================================================================================

Timing statistics saved to: ./outputs/steps32_block32_batch32/timing_stats.json

Generation complete! Decoding outputs...
GSM8K Exact Match Accuracy: 30.47% (39/128)
