Thu Dec 11 21:19:38 2025       
+-----------------------------------------------------------------------------------------+
| NVIDIA-SMI 575.51.03              Driver Version: 575.51.03      CUDA Version: 12.9     |
|-----------------------------------------+------------------------+----------------------+
| GPU  Name                 Persistence-M | Bus-Id          Disp.A | Volatile Uncorr. ECC |
| Fan  Temp   Perf          Pwr:Usage/Cap |           Memory-Usage | GPU-Util  Compute M. |
|                                         |                        |               MIG M. |
|=========================================+========================+======================|
|   0  NVIDIA L40S                    On  |   00000000:61:00.0 Off |                    0 |
| N/A   30C    P8             31W /  350W |       0MiB /  46068MiB |      0%      Default |
|                                         |                        |                  N/A |
+-----------------------------------------+------------------------+----------------------+
                                                                                         
+-----------------------------------------------------------------------------------------+
| Processes:                                                                              |
|  GPU   GI   CI              PID   Type   Process name                        GPU Memory |
|        ID   ID                                                               Usage      |
|=========================================================================================|
|  No running processes found                                                             |
+-----------------------------------------------------------------------------------------+
True
NVIDIA L40S
12.1
Loading model: llada
Loading LLaDA model: GSAI-ML/LLaDA-8B-Instruct
Loading tokenizer...
Loading dataset: gsm8k
Loading GSM8K dataset (test split)...
Preparing prompts...
Tokenizing prompts...
Starting generation (steps=16, gen_length=128, block_length=32)...

================================================================================
TIMING BREAKDOWN
================================================================================
Total generation time: 79.7529s

Detailed breakdown:
  Initialization:      0.0304s ( 0.04%)
  Block setup:         0.0530s ( 0.07%)
  Model inference:    78.6882s (98.66%)
  Sampling:            0.6633s ( 0.83%)
  Token selection:     0.2913s ( 0.37%)
  Other/Overhead:      0.0267s ( 0.03%)
================================================================================

Timing statistics saved to: ./outputs/steps16_block32_batch64/timing_stats.json

Generation complete! Decoding outputs...
GSM8K Exact Match Accuracy: 16.41% (21/128)
